<?xml version="1.0" encoding="UTF-8"?>
<testsuite xmlns:xsi="http://www.w3.org/2001/XMLSchema-instance" xsi:noNamespaceSchemaLocation="https://maven.apache.org/surefire/maven-surefire-plugin/xsd/surefire-test-report.xsd" name="TestSuite" time="2.824" tests="1" errors="0" skipped="0" failures="1">
  <properties>
    <property name="gopherProxySet" value="false"/>
    <property name="awt.toolkit" value="sun.lwawt.macosx.LWCToolkit"/>
    <property name="file.encoding.pkg" value="sun.io"/>
    <property name="java.specification.version" value="1.8"/>
    <property name="sun.cpu.isalist" value=""/>
    <property name="sun.jnu.encoding" value="UTF-8"/>
    <property name="java.class.path" value="/Users/ybasi/.m2/repository/org/apache/maven/surefire/surefire-booter/2.22.2/surefire-booter-2.22.2.jar:/Users/ybasi/.m2/repository/org/apache/maven/surefire/surefire-api/2.22.2/surefire-api-2.22.2.jar:/Users/ybasi/.m2/repository/org/apache/maven/surefire/surefire-logger-api/2.22.2/surefire-logger-api-2.22.2.jar:/Users/ybasi/WorkFolder/JavaProjects/Logging_Allure/target/test-classes:/Users/ybasi/WorkFolder/JavaProjects/Logging_Allure/target/classes:/Users/ybasi/.m2/repository/org/testng/testng/6.14.3/testng-6.14.3.jar:/Users/ybasi/.m2/repository/com/beust/jcommander/1.72/jcommander-1.72.jar:/Users/ybasi/.m2/repository/org/apache-extras/beanshell/bsh/2.0b6/bsh-2.0b6.jar:/Users/ybasi/.m2/repository/log4j/log4j/1.2.17/log4j-1.2.17.jar:/Users/ybasi/.m2/repository/io/qameta/allure/allure-testng/2.10.0/allure-testng-2.10.0.jar:/Users/ybasi/.m2/repository/io/qameta/allure/allure-junit4/2.10.0/allure-junit4-2.10.0.jar:/Users/ybasi/.m2/repository/junit/junit/4.12/junit-4.12.jar:/Users/ybasi/.m2/repository/org/hamcrest/hamcrest-core/1.3/hamcrest-core-1.3.jar:/Users/ybasi/.m2/repository/io/qameta/allure/allure-java-commons/2.10.0/allure-java-commons-2.10.0.jar:/Users/ybasi/.m2/repository/io/qameta/allure/allure-model/2.10.0/allure-model-2.10.0.jar:/Users/ybasi/.m2/repository/org/slf4j/slf4j-api/1.7.25/slf4j-api-1.7.25.jar:/Users/ybasi/.m2/repository/com/fasterxml/jackson/core/jackson-databind/2.9.8/jackson-databind-2.9.8.jar:/Users/ybasi/.m2/repository/com/fasterxml/jackson/core/jackson-annotations/2.9.0/jackson-annotations-2.9.0.jar:/Users/ybasi/.m2/repository/com/fasterxml/jackson/core/jackson-core/2.9.8/jackson-core-2.9.8.jar:/Users/ybasi/.m2/repository/org/apache/tika/tika-core/1.20/tika-core-1.20.jar:/Users/ybasi/.m2/repository/org/jooq/joor-java-8/0.9.10/joor-java-8-0.9.10.jar:/Users/ybasi/.m2/repository/org/apache/maven/surefire/surefire-testng/2.22.2/surefire-testng-2.22.2.jar:/Users/ybasi/.m2/repository/org/apache/maven/surefire/common-java5/2.22.2/common-java5-2.22.2.jar:/Users/ybasi/.m2/repository/org/apache/maven/surefire/surefire-testng-utils/2.22.2/surefire-testng-utils-2.22.2.jar:/Users/ybasi/.m2/repository/org/apache/maven/surefire/surefire-grouper/2.22.2/surefire-grouper-2.22.2.jar:/Users/ybasi/.m2/repository/org/aspectj/aspectjweaver/1.9.4/aspectjweaver-1.9.4.jar"/>
    <property name="java.vm.vendor" value="Oracle Corporation"/>
    <property name="sun.arch.data.model" value="64"/>
    <property name="java.vendor.url" value="http://java.oracle.com/"/>
    <property name="user.timezone" value=""/>
    <property name="java.vm.specification.version" value="1.8"/>
    <property name="os.name" value="Mac OS X"/>
    <property name="user.country" value="US"/>
    <property name="sun.java.launcher" value="SUN_STANDARD"/>
    <property name="sun.boot.library.path" value="/Library/Java/JavaVirtualMachines/jdk1.8.0_151.jdk/Contents/Home/jre/lib"/>
    <property name="sun.java.command" value="org.apache.maven.surefire.booter.ForkedBooter /Users/ybasi/WorkFolder/JavaProjects/Logging_Allure/target/surefire 2020-02-26T16-46-57_764-jvmRun1 surefire3808546734349157562tmp surefire_06286606647124223651tmp"/>
    <property name="surefire.test.class.path" value="/Users/ybasi/WorkFolder/JavaProjects/Logging_Allure/target/test-classes:/Users/ybasi/WorkFolder/JavaProjects/Logging_Allure/target/classes:/Users/ybasi/.m2/repository/org/testng/testng/6.14.3/testng-6.14.3.jar:/Users/ybasi/.m2/repository/com/beust/jcommander/1.72/jcommander-1.72.jar:/Users/ybasi/.m2/repository/org/apache-extras/beanshell/bsh/2.0b6/bsh-2.0b6.jar:/Users/ybasi/.m2/repository/log4j/log4j/1.2.17/log4j-1.2.17.jar:/Users/ybasi/.m2/repository/io/qameta/allure/allure-testng/2.10.0/allure-testng-2.10.0.jar:/Users/ybasi/.m2/repository/io/qameta/allure/allure-junit4/2.10.0/allure-junit4-2.10.0.jar:/Users/ybasi/.m2/repository/junit/junit/4.12/junit-4.12.jar:/Users/ybasi/.m2/repository/org/hamcrest/hamcrest-core/1.3/hamcrest-core-1.3.jar:/Users/ybasi/.m2/repository/io/qameta/allure/allure-java-commons/2.10.0/allure-java-commons-2.10.0.jar:/Users/ybasi/.m2/repository/io/qameta/allure/allure-model/2.10.0/allure-model-2.10.0.jar:/Users/ybasi/.m2/repository/org/slf4j/slf4j-api/1.7.25/slf4j-api-1.7.25.jar:/Users/ybasi/.m2/repository/com/fasterxml/jackson/core/jackson-databind/2.9.8/jackson-databind-2.9.8.jar:/Users/ybasi/.m2/repository/com/fasterxml/jackson/core/jackson-annotations/2.9.0/jackson-annotations-2.9.0.jar:/Users/ybasi/.m2/repository/com/fasterxml/jackson/core/jackson-core/2.9.8/jackson-core-2.9.8.jar:/Users/ybasi/.m2/repository/org/apache/tika/tika-core/1.20/tika-core-1.20.jar:/Users/ybasi/.m2/repository/org/jooq/joor-java-8/0.9.10/joor-java-8-0.9.10.jar:"/>
    <property name="sun.cpu.endian" value="little"/>
    <property name="allure.results.directory" value="/Users/ybasi/WorkFolder/JavaProjects/Logging_Allure/target/allure-results"/>
    <property name="user.home" value="/Users/ybasi"/>
    <property name="user.language" value="en"/>
    <property name="java.specification.vendor" value="Oracle Corporation"/>
    <property name="java.home" value="/Library/Java/JavaVirtualMachines/jdk1.8.0_151.jdk/Contents/Home/jre"/>
    <property name="basedir" value="/Users/ybasi/WorkFolder/JavaProjects/Logging_Allure"/>
    <property name="file.separator" value="/"/>
    <property name="line.separator" value="&#10;"/>
    <property name="java.vm.specification.vendor" value="Oracle Corporation"/>
    <property name="java.specification.name" value="Java Platform API Specification"/>
    <property name="java.awt.graphicsenv" value="sun.awt.CGraphicsEnvironment"/>
    <property name="sun.boot.class.path" value="/Library/Java/JavaVirtualMachines/jdk1.8.0_151.jdk/Contents/Home/jre/lib/resources.jar:/Library/Java/JavaVirtualMachines/jdk1.8.0_151.jdk/Contents/Home/jre/lib/rt.jar:/Library/Java/JavaVirtualMachines/jdk1.8.0_151.jdk/Contents/Home/jre/lib/sunrsasign.jar:/Library/Java/JavaVirtualMachines/jdk1.8.0_151.jdk/Contents/Home/jre/lib/jsse.jar:/Library/Java/JavaVirtualMachines/jdk1.8.0_151.jdk/Contents/Home/jre/lib/jce.jar:/Library/Java/JavaVirtualMachines/jdk1.8.0_151.jdk/Contents/Home/jre/lib/charsets.jar:/Library/Java/JavaVirtualMachines/jdk1.8.0_151.jdk/Contents/Home/jre/lib/jfr.jar:/Library/Java/JavaVirtualMachines/jdk1.8.0_151.jdk/Contents/Home/jre/classes"/>
    <property name="sun.management.compiler" value="HotSpot 64-Bit Tiered Compilers"/>
    <property name="java.runtime.version" value="1.8.0_151-b12"/>
    <property name="user.name" value="ybasi"/>
    <property name="path.separator" value=":"/>
    <property name="os.version" value="10.15"/>
    <property name="java.endorsed.dirs" value="/Library/Java/JavaVirtualMachines/jdk1.8.0_151.jdk/Contents/Home/jre/lib/endorsed"/>
    <property name="java.runtime.name" value="Java(TM) SE Runtime Environment"/>
    <property name="file.encoding" value="UTF-8"/>
    <property name="java.vm.name" value="Java HotSpot(TM) 64-Bit Server VM"/>
    <property name="localRepository" value="/Users/ybasi/.m2/repository"/>
    <property name="java.vendor.url.bug" value="http://bugreport.sun.com/bugreport/"/>
    <property name="java.io.tmpdir" value="/var/folders/xc/9jk7t6_53tq2ql7jtv8xk_b9nj668z/T/"/>
    <property name="idea.version" value="2018.3.6"/>
    <property name="java.version" value="1.8.0_151"/>
    <property name="user.dir" value="/Users/ybasi/WorkFolder/JavaProjects/Logging_Allure"/>
    <property name="os.arch" value="x86_64"/>
    <property name="java.vm.specification.name" value="Java Virtual Machine Specification"/>
    <property name="java.awt.printerjob" value="sun.lwawt.macosx.CPrinterJob"/>
    <property name="sun.os.patch.level" value="unknown"/>
    <property name="java.library.path" value="/Users/ybasi/Library/Java/Extensions:/Library/Java/Extensions:/Network/Library/Java/Extensions:/System/Library/Java/Extensions:/usr/lib/java:."/>
    <property name="java.vm.info" value="mixed mode"/>
    <property name="java.vendor" value="Oracle Corporation"/>
    <property name="java.vm.version" value="25.151-b12"/>
    <property name="java.ext.dirs" value="/Users/ybasi/Library/Java/Extensions:/Library/Java/JavaVirtualMachines/jdk1.8.0_151.jdk/Contents/Home/jre/lib/ext:/Library/Java/Extensions:/Network/Library/Java/Extensions:/System/Library/Java/Extensions:/usr/lib/java"/>
    <property name="sun.io.unicode.encoding" value="UnicodeBig"/>
    <property name="java.class.version" value="52.0"/>
  </properties>
  <testcase name="testLogger" classname="com.mkyong.LoginTest" time="0.453">
    <failure message="expected [true] but found [false]" type="java.lang.AssertionError">java.lang.AssertionError: expected [true] but found [false]
	at com.mkyong.LoginTest.login(LoginTest.java:44)
	at com.mkyong.LoginTest.testLogger(LoginTest.java:23)
</failure>
    <system-out><![CDATA[2020-02-26 16:47:01 DEBUG LoginTest:29 - This is debug : mkyong
2020-02-26 16:47:01 INFO  LoginTest:33 - This is info : mkyong
2020-02-26 16:47:01 WARN  LoginTest:36 - This is warn : mkyong
2020-02-26 16:47:01 ERROR LoginTest:37 - This is error : mkyong
2020-02-26 16:47:01 FATAL LoginTest:38 - This is fatal : mkyong
2020-02-26 16:47:01 INFO  LoginTest:43 - Log in as testUser
]]></system-out>
    <system-err><![CDATA[SLF4J: Failed to load class "org.slf4j.impl.StaticLoggerBinder".
SLF4J: Defaulting to no-operation (NOP) logger implementation
SLF4J: See http://www.slf4j.org/codes.html#StaticLoggerBinder for further details.
]]></system-err>
  </testcase>
</testsuite>